# JRE version: OpenJDK Runtime Environment Temurin-21.0.8+9 (21.0.8+9) (build 21.0.8+9-LTS)
# Java VM: OpenJDK 64-Bit Server VM Temurin-21.0.8+9 (21.0.8+9-LTS, mixed mode, sharing, tiered, compressed oops, compressed class ptrs, parallel gc, windows-amd64)
GC Precious Log:
 CardTable entry size: 512
 CPUs: 4 total, 4 available
 Memory: 12094M
 Large Page Support: Disabled
 NUMA Support: Disabled
 Compressed Oops: Enabled (32-bit)
 Alignments: Space 512K, Generation 512K, Heap 2M
 Heap Min Capacity: 100M
 Heap Initial Capacity: 100M
 Heap Max Capacity: 2G
 Pre-touch: Disabled
 Parallel Workers: 4
Heap:
 PSYoungGen      total 9216K, used 9206K [0x00000000d5580000, 0x00000000d6800000, 0x0000000100000000)
  eden space 6656K, 99% used [0x00000000d5580000,0x00000000d5bfd8d0,0x00000000d5c00000)
  from space 2560K, 100% used [0x00000000d5c00000,0x00000000d5e80000,0x00000000d5e80000)
  to   space 6144K, 81% used [0x00000000d6200000,0x00000000d66e1738,0x00000000d6800000)
 ParOldGen       total 1095680K, used 1095430K [0x0000000080000000, 0x00000000c2e00000, 0x00000000d5580000)
  object space 1095680K, 99% used [0x0000000080000000,0x00000000c2dc1a80,0x00000000c2e00000)
 Metaspace       used 86283K, committed 88000K, reserved 1179648K
  class space    used 8541K, committed 9280K, reserved 1048576K
GC Heap History (20 events):
Event: 1041.295 GC heap after
{Heap after GC invocations=2325 (full 8):
 PSYoungGen      total 6656K, used 2082K [0x00000000d5580000, 0x00000000d6000000, 0x0000000100000000)
  eden space 4096K, 0% used [0x00000000d5580000,0x00000000d5580000,0x00000000d5980000)
  from space 2560K, 81% used [0x00000000d5d80000,0x00000000d5f88b88,0x00000000d6000000)
  to   space 3072K, 0% used [0x00000000d5a00000,0x00000000d5a00000,0x00000000d5d00000)
 ParOldGen       total 1043968K, used 1043946K [0x0000000080000000, 0x00000000bfb80000, 0x00000000d5580000)
  object space 1043968K, 99% used [0x0000000080000000,0x00000000bfb7a948,0x00000000bfb80000)
 Metaspace       used 86263K, committed 88000K, reserved 1179648K
  class space    used 8541K, committed 9280K, reserved 1048576K
}
Event: 1041.314 GC heap before
{Heap before GC invocations=2326 (full 8):
 PSYoungGen      total 6656K, used 5652K [0x00000000d5580000, 0x00000000d6000000, 0x0000000100000000)
  eden space 4096K, 87% used [0x00000000d5580000,0x00000000d58fc700,0x00000000d5980000)
  from space 2560K, 81% used [0x00000000d5d80000,0x00000000d5f88b88,0x00000000d6000000)
  to   space 3072K, 0% used [0x00000000d5a00000,0x00000000d5a00000,0x00000000d5d00000)
 ParOldGen       total 1044992K, used 1044968K [0x0000000080000000, 0x00000000bfc80000, 0x00000000d5580000)
  object space 1044992K, 99% used [0x0000000080000000,0x00000000bfc7a148,0x00000000bfc80000)
 Metaspace       used 86263K, committed 88000K, reserved 1179648K
  class space    used 8541K, committed 9280K, reserved 1048576K
}
Event: 1041.318 GC heap after
{Heap after GC invocations=2326 (full 8):
 PSYoungGen      total 5632K, used 1216K [0x00000000d5580000, 0x00000000d5e00000, 0x0000000100000000)
  eden space 4096K, 0% used [0x00000000d5580000,0x00000000d5580000,0x00000000d5980000)
  from space 1536K, 79% used [0x00000000d5a00000,0x00000000d5b30000,0x00000000d5b80000)
  to   space 2048K, 0% used [0x00000000d5c00000,0x00000000d5c00000,0x00000000d5e00000)
 ParOldGen       total 1047040K, used 1046997K [0x0000000080000000, 0x00000000bfe80000, 0x00000000d5580000)
  object space 1047040K, 99% used [0x0000000080000000,0x00000000bfe75638,0x00000000bfe80000)
 Metaspace       used 86263K, committed 88000K, reserved 1179648K
  class space    used 8541K, committed 9280K, reserved 1048576K
}
Event: 1041.336 GC heap before
{Heap before GC invocations=2327 (full 8):
 PSYoungGen      total 5632K, used 5312K [0x00000000d5580000, 0x00000000d5e00000, 0x0000000100000000)
  eden space 4096K, 100% used [0x00000000d5580000,0x00000000d5980000,0x00000000d5980000)
  from space 1536K, 79% used [0x00000000d5a00000,0x00000000d5b30000,0x00000000d5b80000)
  to   space 2048K, 0% used [0x00000000d5c00000,0x00000000d5c00000,0x00000000d5e00000)
 ParOldGen       total 1047040K, used 1047015K [0x0000000080000000, 0x00000000bfe80000, 0x00000000d5580000)
  object space 1047040K, 99% used [0x0000000080000000,0x00000000bfe79d58,0x00000000bfe80000)
 Metaspace       used 86263K, committed 88000K, reserved 1179648K
  class space    used 8541K, committed 9280K, reserved 1048576K
}
Event: 1041.341 GC heap after
{Heap after GC invocations=2327 (full 8):
 PSYoungGen      total 6656K, used 1518K [0x00000000d5580000, 0x00000000d5e80000, 0x0000000100000000)
  eden space 4608K, 0% used [0x00000000d5580000,0x00000000d5580000,0x00000000d5a00000)
  from space 2048K, 74% used [0x00000000d5c00000,0x00000000d5d7b950,0x00000000d5e00000)
  to   space 2048K, 0% used [0x00000000d5a00000,0x00000000d5a00000,0x00000000d5c00000)
 ParOldGen       total 1048576K, used 1048143K [0x0000000080000000, 0x00000000c0000000, 0x00000000d5580000)
  object space 1048576K, 99% used [0x0000000080000000,0x00000000bff93d58,0x00000000c0000000)
 Metaspace       used 86263K, committed 88000K, reserved 1179648K
  class space    used 8541K, committed 9280K, reserved 1048576K
}
Event: 1041.425 GC heap before
{Heap before GC invocations=2328 (full 8):
 PSYoungGen      total 6656K, used 6126K [0x00000000d5580000, 0x00000000d5e80000, 0x0000000100000000)
  eden space 4608K, 100% used [0x00000000d5580000,0x00000000d5a00000,0x00000000d5a00000)
  from space 2048K, 74% used [0x00000000d5c00000,0x00000000d5d7b950,0x00000000d5e00000)
  to   space 2048K, 0% used [0x00000000d5a00000,0x00000000d5a00000,0x00000000d5c00000)
 ParOldGen       total 1080320K, used 1078863K [0x0000000080000000, 0x00000000c1f00000, 0x00000000d5580000)
  object space 1080320K, 99% used [0x0000000080000000,0x00000000c1d93d88,0x00000000c1f00000)
 Metaspace       used 86276K, committed 88000K, reserved 1179648K
  class space    used 8541K, committed 9280K, reserved 1048576K
}
Event: 1041.431 GC heap after
{Heap after GC invocations=2328 (full 8):
 PSYoungGen      total 5632K, used 756K [0x00000000d5580000, 0x00000000d5d00000, 0x0000000100000000)
  eden space 4608K, 0% used [0x00000000d5580000,0x00000000d5580000,0x00000000d5a00000)
  from space 1024K, 73% used [0x00000000d5a00000,0x00000000d5abd200,0x00000000d5b00000)
  to   space 1536K, 0% used [0x00000000d5b80000,0x00000000d5b80000,0x00000000d5d00000)
 ParOldGen       total 1082368K, used 1082241K [0x0000000080000000, 0x00000000c2100000, 0x00000000d5580000)
  object space 1082368K, 99% used [0x0000000080000000,0x00000000c20e0588,0x00000000c2100000)
 Metaspace       used 86276K, committed 88000K, reserved 1179648K
  class space    used 8541K, committed 9280K, reserved 1048576K
}
Event: 1041.444 GC heap before
{Heap before GC invocations=2329 (full 8):
 PSYoungGen      total 5632K, used 5364K [0x00000000d5580000, 0x00000000d5d00000, 0x0000000100000000)
  eden space 4608K, 100% used [0x00000000d5580000,0x00000000d5a00000,0x00000000d5a00000)
  from space 1024K, 73% used [0x00000000d5a00000,0x00000000d5abd200,0x00000000d5b00000)
  to   space 1536K, 0% used [0x00000000d5b80000,0x00000000d5b80000,0x00000000d5d00000)
 ParOldGen       total 1082368K, used 1082241K [0x0000000080000000, 0x00000000c2100000, 0x00000000d5580000)
  object space 1082368K, 99% used [0x0000000080000000,0x00000000c20e0588,0x00000000c2100000)
 Metaspace       used 86276K, committed 88000K, reserved 1179648K
  class space    used 8541K, committed 9280K, reserved 1048576K
}
Event: 1041.449 GC heap after
{Heap after GC invocations=2329 (full 8):
 PSYoungGen      total 6656K, used 544K [0x00000000d5580000, 0x00000000d5d00000, 0x0000000100000000)
  eden space 5120K, 0% used [0x00000000d5580000,0x00000000d5580000,0x00000000d5a80000)
  from space 1536K, 35% used [0x00000000d5b80000,0x00000000d5c08000,0x00000000d5d00000)
  to   space 1024K, 0% used [0x00000000d5a80000,0x00000000d5a80000,0x00000000d5b80000)
 ParOldGen       total 1083392K, used 1082980K [0x0000000080000000, 0x00000000c2200000, 0x00000000d5580000)
  object space 1083392K, 99% used [0x0000000080000000,0x00000000c2199110,0x00000000c2200000)
 Metaspace       used 86276K, committed 88000K, reserved 1179648K
  class space    used 8541K, committed 9280K, reserved 1048576K
}
Event: 1041.458 GC heap before
{Heap before GC invocations=2330 (full 8):
 PSYoungGen      total 6656K, used 5664K [0x00000000d5580000, 0x00000000d5d00000, 0x0000000100000000)
  eden space 5120K, 100% used [0x00000000d5580000,0x00000000d5a80000,0x00000000d5a80000)
  from space 1536K, 35% used [0x00000000d5b80000,0x00000000d5c08000,0x00000000d5d00000)
  to   space 1024K, 0% used [0x00000000d5a80000,0x00000000d5a80000,0x00000000d5b80000)
 ParOldGen       total 1083392K, used 1082980K [0x0000000080000000, 0x00000000c2200000, 0x00000000d5580000)
  object space 1083392K, 99% used [0x0000000080000000,0x00000000c2199110,0x00000000c2200000)
 Metaspace       used 86276K, committed 88000K, reserved 1179648K
  class space    used 8541K, committed 9280K, reserved 1048576K
}
Event: 1041.466 GC heap after
{Heap after GC invocations=2330 (full 8):
 PSYoungGen      total 6144K, used 998K [0x00000000d5580000, 0x00000000d6280000, 0x0000000100000000)
  eden space 5120K, 0% used [0x00000000d5580000,0x00000000d5580000,0x00000000d5a80000)
  from space 1024K, 97% used [0x00000000d5a80000,0x00000000d5b79b68,0x00000000d5b80000)
  to   space 3584K, 0% used [0x00000000d5f00000,0x00000000d5f00000,0x00000000d6280000)
 ParOldGen       total 1084928K, used 1084883K [0x0000000080000000, 0x00000000c2380000, 0x00000000d5580000)
  object space 1084928K, 99% used [0x0000000080000000,0x00000000c2374c98,0x00000000c2380000)
 Metaspace       used 86276K, committed 88000K, reserved 1179648K
  class space    used 8541K, committed 9280K, reserved 1048576K
}
Event: 1041.497 GC heap before
{Heap before GC invocations=2331 (full 8):
 PSYoungGen      total 6144K, used 6118K [0x00000000d5580000, 0x00000000d6280000, 0x0000000100000000)
  eden space 5120K, 100% used [0x00000000d5580000,0x00000000d5a80000,0x00000000d5a80000)
  from space 1024K, 97% used [0x00000000d5a80000,0x00000000d5b79b68,0x00000000d5b80000)
  to   space 3584K, 0% used [0x00000000d5f00000,0x00000000d5f00000,0x00000000d6280000)
 ParOldGen       total 1084928K, used 1084883K [0x0000000080000000, 0x00000000c2380000, 0x00000000d5580000)
  object space 1084928K, 99% used [0x0000000080000000,0x00000000c2374c98,0x00000000c2380000)
 Metaspace       used 86278K, committed 88000K, reserved 1179648K
  class space    used 8541K, committed 9280K, reserved 1048576K
}
Event: 1041.501 GC heap after
{Heap after GC invocations=2331 (full 8):
 PSYoungGen      total 8192K, used 1908K [0x00000000d5580000, 0x00000000d6100000, 0x0000000100000000)
  eden space 6144K, 0% used [0x00000000d5580000,0x00000000d5580000,0x00000000d5b80000)
  from space 2048K, 93% used [0x00000000d5f00000,0x00000000d60dd200,0x00000000d6100000)
  to   space 2560K, 0% used [0x00000000d5c00000,0x00000000d5c00000,0x00000000d5e80000)
 ParOldGen       total 1085952K, used 1085890K [0x0000000080000000, 0x00000000c2480000, 0x00000000d5580000)
  object space 1085952K, 99% used [0x0000000080000000,0x00000000c2470800,0x00000000c2480000)
 Metaspace       used 86278K, committed 88000K, reserved 1179648K
  class space    used 8541K, committed 9280K, reserved 1048576K
}
Event: 1041.513 GC heap before
{Heap before GC invocations=2332 (full 8):
 PSYoungGen      total 8192K, used 8052K [0x00000000d5580000, 0x00000000d6100000, 0x0000000100000000)
  eden space 6144K, 100% used [0x00000000d5580000,0x00000000d5b80000,0x00000000d5b80000)
  from space 2048K, 93% used [0x00000000d5f00000,0x00000000d60dd200,0x00000000d6100000)
  to   space 2560K, 0% used [0x00000000d5c00000,0x00000000d5c00000,0x00000000d5e80000)
 ParOldGen       total 1085952K, used 1085890K [0x0000000080000000, 0x00000000c2480000, 0x00000000d5580000)
  object space 1085952K, 99% used [0x0000000080000000,0x00000000c2470800,0x00000000c2480000)
 Metaspace       used 86278K, committed 88000K, reserved 1179648K
  class space    used 8541K, committed 9280K, reserved 1048576K
}
Event: 1041.631 GC heap after
{Heap after GC invocations=2332 (full 8):
 PSYoungGen      total 9216K, used 2208K [0x00000000d5580000, 0x00000000d6200000, 0x0000000100000000)
  eden space 6656K, 0% used [0x00000000d5580000,0x00000000d5580000,0x00000000d5c00000)
  from space 2560K, 86% used [0x00000000d5c00000,0x00000000d5e28000,0x00000000d5e80000)
  to   space 2560K, 0% used [0x00000000d5f80000,0x00000000d5f80000,0x00000000d6200000)
 ParOldGen       total 1088000K, used 1087740K [0x0000000080000000, 0x00000000c2680000, 0x00000000d5580000)
  object space 1088000K, 99% used [0x0000000080000000,0x00000000c263f368,0x00000000c2680000)
 Metaspace       used 86278K, committed 88000K, reserved 1179648K
  class space    used 8541K, committed 9280K, reserved 1048576K
}
Event: 1041.646 GC heap before
{Heap before GC invocations=2333 (full 8):
 PSYoungGen      total 9216K, used 8864K [0x00000000d5580000, 0x00000000d6200000, 0x0000000100000000)
  eden space 6656K, 100% used [0x00000000d5580000,0x00000000d5c00000,0x00000000d5c00000)
  from space 2560K, 86% used [0x00000000d5c00000,0x00000000d5e28000,0x00000000d5e80000)
  to   space 2560K, 0% used [0x00000000d5f80000,0x00000000d5f80000,0x00000000d6200000)
 ParOldGen       total 1088000K, used 1087740K [0x0000000080000000, 0x00000000c2680000, 0x00000000d5580000)
  object space 1088000K, 99% used [0x0000000080000000,0x00000000c263f368,0x00000000c2680000)
 Metaspace       used 86278K, committed 88000K, reserved 1179648K
  class space    used 8541K, committed 9280K, reserved 1048576K
}
Event: 1041.737 GC heap after
{Heap after GC invocations=2333 (full 8):
 PSYoungGen      total 9216K, used 2560K [0x00000000d5580000, 0x00000000d6200000, 0x0000000100000000)
  eden space 6656K, 0% used [0x00000000d5580000,0x00000000d5580000,0x00000000d5c00000)
  from space 2560K, 100% used [0x00000000d5f80000,0x00000000d6200000,0x00000000d6200000)
  to   space 2560K, 0% used [0x00000000d5c00000,0x00000000d5c00000,0x00000000d5e80000)
 ParOldGen       total 1091072K, used 1090724K [0x0000000080000000, 0x00000000c2980000, 0x00000000d5580000)
  object space 1091072K, 99% used [0x0000000080000000,0x00000000c2929388,0x00000000c2980000)
 Metaspace       used 86278K, committed 88000K, reserved 1179648K
  class space    used 8541K, committed 9280K, reserved 1048576K
}
Event: 1041.897 GC heap before
{Heap before GC invocations=2334 (full 8):
 PSYoungGen      total 9216K, used 9216K [0x00000000d5580000, 0x00000000d6200000, 0x0000000100000000)
  eden space 6656K, 100% used [0x00000000d5580000,0x00000000d5c00000,0x00000000d5c00000)
  from space 2560K, 100% used [0x00000000d5f80000,0x00000000d6200000,0x00000000d6200000)
  to   space 2560K, 0% used [0x00000000d5c00000,0x00000000d5c00000,0x00000000d5e80000)
 ParOldGen       total 1091072K, used 1090724K [0x0000000080000000, 0x00000000c2980000, 0x00000000d5580000)
  object space 1091072K, 99% used [0x0000000080000000,0x00000000c2929388,0x00000000c2980000)
 Metaspace       used 86283K, committed 88000K, reserved 1179648K
  class space    used 8541K, committed 9280K, reserved 1048576K
}
Event: 1041.945 GC heap after
{Heap after GC invocations=2334 (full 8):
 PSYoungGen      total 9216K, used 2560K [0x00000000d5580000, 0x00000000d6800000, 0x0000000100000000)
  eden space 6656K, 0% used [0x00000000d5580000,0x00000000d5580000,0x00000000d5c00000)
  from space 2560K, 100% used [0x00000000d5c00000,0x00000000d5e80000,0x00000000d5e80000)
  to   space 6144K, 0% used [0x00000000d6200000,0x00000000d6200000,0x00000000d6800000)
 ParOldGen       total 1094144K, used 1094004K [0x0000000080000000, 0x00000000c2c80000, 0x00000000d5580000)
  object space 1094144K, 99% used [0x0000000080000000,0x00000000c2c5d388,0x00000000c2c80000)
 Metaspace       used 86283K, committed 88000K, reserved 1179648K
  class space    used 8541K, committed 9280K, reserved 1048576K
}
Event: 1042.052 GC heap before
{Heap before GC invocations=2335 (full 8):
 PSYoungGen      total 9216K, used 9206K [0x00000000d5580000, 0x00000000d6800000, 0x0000000100000000)
  eden space 6656K, 99% used [0x00000000d5580000,0x00000000d5bfd8d0,0x00000000d5c00000)
  from space 2560K, 100% used [0x00000000d5c00000,0x00000000d5e80000,0x00000000d5e80000)
  to   space 6144K, 0% used [0x00000000d6200000,0x00000000d6200000,0x00000000d6800000)
 ParOldGen       total 1094144K, used 1094004K [0x0000000080000000, 0x00000000c2c80000, 0x00000000d5580000)
  object space 1094144K, 99% used [0x0000000080000000,0x00000000c2c5d388,0x00000000c2c80000)
 Metaspace       used 86283K, committed 88000K, reserved 1179648K
  class space    used 8541K, committed 9280K, reserved 1048576K
}

